Starting SwayNotificationCenter version swaync 0.12.4
** Message: 19:36:36.686: configModel.vala:513: Loading Config: "/home/mabona3/.config/swaync/config.json"

(process:22025): Adwaita-WARNING **: 19:36:36.740: Using GtkSettings:gtk-application-prefer-dark-theme with libadwaita is unsupported. Please use AdwStyleManager:color-scheme instead.
** Message: 19:36:36.843: functions.vala:104: Loading CSS: "/etc/xdg/swaync/style.css"
** Message: 19:36:36.844: functions.vala:117: Loading CSS: "/home/mabona3/.config/swaync/style.css"

** (swaync:22025): WARNING **: 19:36:36.848: baseWidget.vala:47: notifications: Config not found! Using default config...


** (swaync:22025): WARNING **: 19:36:36.848: controlCenter.vala:194: Notification widget not included in "widgets" config. Using default bottom position

** (swaync:22025): WARNING **: 19:36:36.849: baseWidget.vala:47: mpris: Config not found! Using default config...

** Message: 19:36:36.850: factory.vala:55: Loading widget: mpris

** (swaync:22025): WARNING **: 19:36:36.850: factory.vala:52: Could not find widget: "network"!
** Message: 19:36:36.850: factory.vala:55: Loading widget: buttons-grid
** Message: 19:36:36.850: factory.vala:17: Loading widget: widget-notifications

** (swaync:22025): WARNING **: 19:36:36.850: baseWidget.vala:47: notifications: Config not found! Using default config...

MESA-INTEL: warning: ../mesa-25.3.5/src/intel/vulkan/anv_formats.c:993: FINISHME: support more multi-planar formats with DRM modifiers
MESA-INTEL: warning: ../mesa-25.3.5/src/intel/vulkan/anv_formats.c:959: FINISHME: support YUV colorspace with DRM format modifiers
Starting SwayNotificationCenter version swaync 0.12.4
** Message: 19:38:38.838: configModel.vala:513: Loading Config: "/home/mabona3/.config/swaync/config.json"

(process:22559): Adwaita-WARNING **: 19:38:38.893: Using GtkSettings:gtk-application-prefer-dark-theme with libadwaita is unsupported. Please use AdwStyleManager:color-scheme instead.
** Message: 19:38:38.994: functions.vala:104: Loading CSS: "/etc/xdg/swaync/style.css"
** Message: 19:38:38.995: functions.vala:117: Loading CSS: "/home/mabona3/.config/swaync/style.css"

** (swaync:22559): WARNING **: 19:38:38.999: baseWidget.vala:47: notifications: Config not found! Using default config...


** (swaync:22559): WARNING **: 19:38:38.999: controlCenter.vala:194: Notification widget not included in "widgets" config. Using default bottom position

** (swaync:22559): WARNING **: 19:38:39.000: baseWidget.vala:47: mpris: Config not found! Using default config...

** Message: 19:38:39.001: factory.vala:55: Loading widget: mpris

** (swaync:22559): WARNING **: 19:38:39.001: factory.vala:52: Could not find widget: "network"!
** Message: 19:38:39.001: factory.vala:55: Loading widget: buttons-grid
** Message: 19:38:39.001: factory.vala:17: Loading widget: widget-notifications

** (swaync:22559): WARNING **: 19:38:39.001: baseWidget.vala:47: notifications: Config not found! Using default config...

MESA-INTEL: warning: ../mesa-25.3.5/src/intel/vulkan/anv_formats.c:993: FINISHME: support more multi-planar formats with DRM modifiers
MESA-INTEL: warning: ../mesa-25.3.5/src/intel/vulkan/anv_formats.c:959: FINISHME: support YUV colorspace with DRM format modifiers
Starting SwayNotificationCenter version swaync 0.12.4
** Message: 19:42:08.577: configModel.vala:513: Loading Config: "/home/mabona3/.config/swaync/config.json"

(process:23627): Adwaita-WARNING **: 19:42:08.640: Using GtkSettings:gtk-application-prefer-dark-theme with libadwaita is unsupported. Please use AdwStyleManager:color-scheme instead.
** Message: 19:42:08.760: functions.vala:104: Loading CSS: "/etc/xdg/swaync/style.css"
** Message: 19:42:08.761: functions.vala:117: Loading CSS: "/home/mabona3/.config/swaync/style.css"

** (swaync:23627): WARNING **: 19:42:08.765: baseWidget.vala:47: notifications: Config not found! Using default config...


** (swaync:23627): WARNING **: 19:42:08.765: controlCenter.vala:194: Notification widget not included in "widgets" config. Using default bottom position

** (swaync:23627): WARNING **: 19:42:08.765: baseWidget.vala:47: mpris: Config not found! Using default config...

** Message: 19:42:08.766: factory.vala:55: Loading widget: mpris

** (swaync:23627): WARNING **: 19:42:08.766: factory.vala:52: Could not find widget: "network"!
** Message: 19:42:08.767: factory.vala:55: Loading widget: buttons-grid
** Message: 19:42:08.767: factory.vala:17: Loading widget: widget-notifications

** (swaync:23627): WARNING **: 19:42:08.767: baseWidget.vala:47: notifications: Config not found! Using default config...

MESA-INTEL: warning: ../mesa-25.3.5/src/intel/vulkan/anv_formats.c:993: FINISHME: support more multi-planar formats with DRM modifiers
MESA-INTEL: warning: ../mesa-25.3.5/src/intel/vulkan/anv_formats.c:959: FINISHME: support YUV colorspace with DRM format modifiers
Gdk-Message: 19:50:09.719: Lost connection to Wayland compositor.
